<?xml version="1.0" encoding="UTF-8"?>
<!-- Generated by org.testng.reporters.JUnitXMLReporter -->
<testsuite ignored="0" hostname="DESKTOP-VM5J0J5" failures="0" tests="3" name="chinna1" time="20.451" errors="0" timestamp="2022-12-13T21:51:46 IST">
  <testcase classname="dec8.FirstTestNGclass" name="Branches" time="3.443"/>
  <testcase classname="dec8.FirstTestNGclass" name="roles" time="3.419"/>
  <testcase classname="dec8.FirstTestNGclass" name="users" time="3.45"/>
</testsuite> <!-- chinna1 -->
