<?xml version="1.0" encoding="UTF-8"?>
<!-- Generated by org.testng.reporters.JUnitXMLReporter -->
<testsuite ignored="0" hostname="DESKTOP-VM5J0J5" failures="0" tests="4" name="chinna2" time="29.957" errors="0" timestamp="2022-12-13T21:52:16 IST">
  <testcase classname="dec8.SecondTestNGclass" name="multipliation" time="3.351"/>
  <testcase classname="dec8.SecondTestNGclass" name="multipliation" time="3.323"/>
  <testcase classname="dec8.SecondTestNGclass" name="division" time="3.367"/>
  <testcase classname="dec8.SecondTestNGclass" name="adition" time="3.323"/>
</testsuite> <!-- chinna2 -->
