<?xml version="1.0" encoding="UTF-8"?>
<testng-results ignored="0" total="1" passed="1" failed="0" skipped="0">
  <reporter-output>
    <line>
      <![CDATA[No of rows are::  6]]>
    </line>
  </reporter-output>
  <suite started-at="2022-12-20T23:32:50 IST" name="Default suite" finished-at="2022-12-20T23:33:12 IST" duration-ms="22908">
    <groups>
    </groups>
    <test started-at="2022-12-20T23:32:50 IST" name="Default test" finished-at="2022-12-20T23:33:12 IST" duration-ms="22908">
      <class name="dec17.FlightRegister">
        <test-method is-config="true" signature="setUp()[pri:0, instance:dec17.FlightRegister@6e9175d8]" started-at="2022-12-20T23:32:50 IST" name="setUp" finished-at="2022-12-20T23:32:52 IST" duration-ms="2714" status="PASS">
          <reporter-output>
          </reporter-output>
        </test-method> <!-- setUp -->
        <test-method signature="startTest()[pri:0, instance:dec17.FlightRegister@6e9175d8]" started-at="2022-12-20T23:32:52 IST" name="startTest" finished-at="2022-12-20T23:33:12 IST" duration-ms="19829" status="PASS">
          <reporter-output>
            <line>
              <![CDATA[No of rows are::  6]]>
            </line>
          </reporter-output>
        </test-method> <!-- startTest -->
        <test-method is-config="true" signature="teardown()[pri:0, instance:dec17.FlightRegister@6e9175d8]" started-at="2022-12-20T23:33:12 IST" name="teardown" finished-at="2022-12-20T23:33:12 IST" duration-ms="307" status="PASS">
          <reporter-output>
          </reporter-output>
        </test-method> <!-- teardown -->
      </class> <!-- dec17.FlightRegister -->
    </test> <!-- Default test -->
  </suite> <!-- Default suite -->
</testng-results>
