<?xml version="1.0" encoding="UTF-8"?>
<!-- Generated by org.testng.reporters.JUnitXMLReporter -->
<testsuite ignored="0" hostname="DESKTOP-VM5J0J5" failures="0" tests="7" name="Report" time="43.724" errors="0" timestamp="2022-12-13T20:03:03 IST">
  <testcase classname="dec8.FirstTestNGclass" name="Branches" time="3.656"/>
  <testcase classname="dec8.FirstTestNGclass" name="roles" time="3.496"/>
  <testcase classname="dec8.FirstTestNGclass" name="users" time="3.433"/>
  <testcase classname="dec8.SecondTestNGclass" name="multipliation" time="3.372"/>
  <testcase classname="dec8.SecondTestNGclass" name="multipliation" time="3.415"/>
  <testcase classname="dec8.SecondTestNGclass" name="division" time="3.369"/>
  <testcase classname="dec8.SecondTestNGclass" name="adition" time="3.356"/>
</testsuite> <!-- Report -->
